<?xml version="1.0" encoding="UTF-8"?>
<testsuites time="17.849036" disabled="0" failures="0" tests="3">
    <testsuite timestamp="2017-12-15 18:14:36Z" skipped="0" failures="0" errors="0" time="11.630328" tests="2"
               name="testrunner.exe.NS.IP.Wombat.TestIntegration.TestGetData.">
        <testcase classname="NS.APP.Wombat.TestIntegration.TestGetData" status="Passed" time="11.129426"
                  assertions="205141" name="TestAllRawData">
            <system-out><![CDATA[Connecting to Wombat Database
    Project Filename : C:\Data\example.dat
    Licence Server   : LICSERVER
    Author           : AUTHOR
    Subset      :
Checking 241 log ids
]]></system-out>
        </testcase>
        <testcase classname="NS.APP.Wombat.TestIntegration.TestGetData" status="Passed" time="0.482340"
                  assertions="20921" name="TestFirst10RawData">
            <system-out><![CDATA[Connecting to Wombat Database
    Project Filename : C:\Data\example.dat
    Licence Server   : LICSERVER
    Author           : AUTHOR
    Subset      :
Checking 10 log ids
]]></system-out>
        </testcase>
    </testsuite>
    <testsuite timestamp="2017-12-15 18:14:48Z" skipped="0" failures="0" errors="0" time="6.196414" tests="1"
               name="testrunner.exe.NS.IP.Wombat.TestIntegration.TestGetCurveInfo.">
        <testcase classname="NS.APP.Wombat.TestIntegration.TestGetCurveInfo" status="Passed" time="6.195858"
                  assertions="482" name="TestAllInfo">
            <system-out><![CDATA[Connecting to Wombat Database
    Project Filename : C:\Data\example.dat
    Licence Server   : LICSERVER
    Author           : AUTHOR
    Subset      :
]]></system-out>
        </testcase>
    </testsuite>


</testsuites>